Doxygen version used: 1.15.0
Searching for include files...
Searching for example files...
Searching for images...
Searching for dot files...
Searching for msc files...
Searching for dia files...
Searching for plantuml files...
Searching for files to exclude
Searching INPUT for files to process...
Searching for files in directory /Users/adam/Documents/Development/XDDSP/
Reading and parsing tag files
Parsing files
Reading /Users/adam/Documents/Development/XDDSP/README.md...
Preprocessing /Users/adam/Documents/Development/XDDSP/XDDSP.h...
Parsing file /Users/adam/Documents/Development/XDDSP/XDDSP.h...
Preprocessing /Users/adam/Documents/Development/XDDSP/XDDSP_Analysis.h...
Parsing file /Users/adam/Documents/Development/XDDSP/XDDSP_Analysis.h...
Preprocessing /Users/adam/Documents/Development/XDDSP/XDDSP_BiquadKernel.h...
Parsing file /Users/adam/Documents/Development/XDDSP/XDDSP_BiquadKernel.h...
Preprocessing /Users/adam/Documents/Development/XDDSP/XDDSP_Blep.h...
Parsing file /Users/adam/Documents/Development/XDDSP/XDDSP_Blep.h...
Preprocessing /Users/adam/Documents/Development/XDDSP/XDDSP_CircularBuffer.h...
Parsing file /Users/adam/Documents/Development/XDDSP/XDDSP_CircularBuffer.h...
Preprocessing /Users/adam/Documents/Development/XDDSP/XDDSP_Classes.h...
Parsing file /Users/adam/Documents/Development/XDDSP/XDDSP_Classes.h...
Preprocessing /Users/adam/Documents/Development/XDDSP/XDDSP_Delay.h...
Parsing file /Users/adam/Documents/Development/XDDSP/XDDSP_Delay.h...
Preprocessing /Users/adam/Documents/Development/XDDSP/XDDSP_Envelopes.h...
Parsing file /Users/adam/Documents/Development/XDDSP/XDDSP_Envelopes.h...
Preprocessing /Users/adam/Documents/Development/XDDSP/XDDSP_FFT.h...
Parsing file /Users/adam/Documents/Development/XDDSP/XDDSP_FFT.h...
Preprocessing /Users/adam/Documents/Development/XDDSP/XDDSP_Filters.h...
Parsing file /Users/adam/Documents/Development/XDDSP/XDDSP_Filters.h...
Preprocessing /Users/adam/Documents/Development/XDDSP/XDDSP_FIRImpulses.h...
Parsing file /Users/adam/Documents/Development/XDDSP/XDDSP_FIRImpulses.h...
Preprocessing /Users/adam/Documents/Development/XDDSP/XDDSP_Functions.h...
Parsing file /Users/adam/Documents/Development/XDDSP/XDDSP_Functions.h...
Preprocessing /Users/adam/Documents/Development/XDDSP/XDDSP_Global.h...
Parsing file /Users/adam/Documents/Development/XDDSP/XDDSP_Global.h...
Preprocessing /Users/adam/Documents/Development/XDDSP/XDDSP_Inputs.h...
Parsing file /Users/adam/Documents/Development/XDDSP/XDDSP_Inputs.h...
Preprocessing /Users/adam/Documents/Development/XDDSP/XDDSP_LinkwitzRileyKernel.h...
Parsing file /Users/adam/Documents/Development/XDDSP/XDDSP_LinkwitzRileyKernel.h...
Preprocessing /Users/adam/Documents/Development/XDDSP/XDDSP_Mixing.h...
Parsing file /Users/adam/Documents/Development/XDDSP/XDDSP_Mixing.h...
Preprocessing /Users/adam/Documents/Development/XDDSP/XDDSP_Monitors.h...
Parsing file /Users/adam/Documents/Development/XDDSP/XDDSP_Monitors.h...
Preprocessing /Users/adam/Documents/Development/XDDSP/XDDSP_Noise.h...
Parsing file /Users/adam/Documents/Development/XDDSP/XDDSP_Noise.h...
Preprocessing /Users/adam/Documents/Development/XDDSP/XDDSP_Oscillators.h...
Parsing file /Users/adam/Documents/Development/XDDSP/XDDSP_Oscillators.h...
Preprocessing /Users/adam/Documents/Development/XDDSP/XDDSP_Parameters.h...
Parsing file /Users/adam/Documents/Development/XDDSP/XDDSP_Parameters.h...
Preprocessing /Users/adam/Documents/Development/XDDSP/XDDSP_PiecewiseEnvelopeData.h...
Parsing file /Users/adam/Documents/Development/XDDSP/XDDSP_PiecewiseEnvelopeData.h...
Preprocessing /Users/adam/Documents/Development/XDDSP/XDDSP_Polyphony.h...
Parsing file /Users/adam/Documents/Development/XDDSP/XDDSP_Polyphony.h...
Preprocessing /Users/adam/Documents/Development/XDDSP/XDDSP_Types.h...
Parsing file /Users/adam/Documents/Development/XDDSP/XDDSP_Types.h...
Preprocessing /Users/adam/Documents/Development/XDDSP/XDDSP_Utilities.h...
Parsing file /Users/adam/Documents/Development/XDDSP/XDDSP_Utilities.h...
Preprocessing /Users/adam/Documents/Development/XDDSP/XDDSP_Waveshaper.h...
Parsing file /Users/adam/Documents/Development/XDDSP/XDDSP_Waveshaper.h...
Preprocessing /Users/adam/Documents/Development/XDDSP/XDDSP_WindowFunctions.h...
Parsing file /Users/adam/Documents/Development/XDDSP/XDDSP_WindowFunctions.h...
Building macro definition list...
Building group list...
Building directory list...
Building namespace list...
Building file list...
Building class list...
Building concept list...
Computing nesting relations for classes...
Associating documentation with classes...
Associating documentation with concepts...
Associating documentation with modules...
Building example list...
Searching for enumerations...
Searching for documented typedefs...
Searching for members imported via using declarations...
Searching for included using directives...
Searching for documented variables...
Building interface member list...
Building member list...
Searching for friends...
Searching for documented defines...
Computing class inheritance relations...
Computing class usage relations...
Flushing cached template relations that have become invalid...
Warn for undocumented namespaces...
Computing class relations...
Add enum values to enums...
Searching for member function documentation...
Creating members for template instances...
Building page list...
Search for main page...
Computing page relations...
Determining the scope of groups...
Computing module relations...
Sorting lists...
Determining which enums are documented
Computing member relations...
Building full member lists recursively...
Adding members to member groups.
Computing member references...
Inheriting documentation...
Generating disk names...
Adding source references...
Adding xrefitems...
Sorting member lists...
Setting anonymous enum type...
Computing dependencies between directories...
Generating citations page...
Counting members...
Counting data structures...
Resolving user defined references...
Finding anchors and sections in the documentation...
Transferring function references...
Combining using relations...
Adding members to index pages...
Correcting members for VHDL...
Computing tooltip texts...
Generating style sheet...
Generating search indices...
Generating example documentation...
Generating file sources...
Generating code for file /Users/adam/Documents/Development/XDDSP/XDDSP.h...
Generating code for file /Users/adam/Documents/Development/XDDSP/XDDSP_Analysis.h...
Generating code for file /Users/adam/Documents/Development/XDDSP/XDDSP_BiquadKernel.h...
Generating code for file /Users/adam/Documents/Development/XDDSP/XDDSP_Blep.h...
Generating code for file /Users/adam/Documents/Development/XDDSP/XDDSP_CircularBuffer.h...
Generating code for file /Users/adam/Documents/Development/XDDSP/XDDSP_Classes.h...
Generating code for file /Users/adam/Documents/Development/XDDSP/XDDSP_Delay.h...
Generating code for file /Users/adam/Documents/Development/XDDSP/XDDSP_Envelopes.h...
Generating code for file /Users/adam/Documents/Development/XDDSP/XDDSP_FFT.h...
Generating code for file /Users/adam/Documents/Development/XDDSP/XDDSP_Filters.h...
Generating code for file /Users/adam/Documents/Development/XDDSP/XDDSP_FIRImpulses.h...
Generating code for file /Users/adam/Documents/Development/XDDSP/XDDSP_Functions.h...
Generating code for file /Users/adam/Documents/Development/XDDSP/XDDSP_Global.h...
Generating code for file /Users/adam/Documents/Development/XDDSP/XDDSP_Inputs.h...
Generating code for file /Users/adam/Documents/Development/XDDSP/XDDSP_LinkwitzRileyKernel.h...
Generating code for file /Users/adam/Documents/Development/XDDSP/XDDSP_Mixing.h...
Generating code for file /Users/adam/Documents/Development/XDDSP/XDDSP_Monitors.h...
Generating code for file /Users/adam/Documents/Development/XDDSP/XDDSP_Noise.h...
Generating code for file /Users/adam/Documents/Development/XDDSP/XDDSP_Oscillators.h...
Generating code for file /Users/adam/Documents/Development/XDDSP/XDDSP_Parameters.h...
Generating code for file /Users/adam/Documents/Development/XDDSP/XDDSP_PiecewiseEnvelopeData.h...
Generating code for file /Users/adam/Documents/Development/XDDSP/XDDSP_Polyphony.h...
Generating code for file /Users/adam/Documents/Development/XDDSP/XDDSP_Types.h...
Generating code for file /Users/adam/Documents/Development/XDDSP/XDDSP_Utilities.h...
Generating code for file /Users/adam/Documents/Development/XDDSP/XDDSP_Waveshaper.h...
Generating code for file /Users/adam/Documents/Development/XDDSP/XDDSP_WindowFunctions.h...
Generating file documentation...
Generating page documentation...
Generating group documentation...
Generating class documentation...
Generating concept documentation...
Generating module documentation...
Generating namespace documentation...
Generating docs for compound XDDSP::LUFSBlockCollector< SignalIn, ReserveSize >...
Generating docs for compound XDDSP::BiquadFilterCoefficients...
Generating docs for compound XDDSP::BiquadFilterKernel...
Generating docs for compound XDDSP::BiquadFilterPublicInterface...
Generating docs for compound XDDSP::BLEPLookup...
Generating docs for compound XDDSP::BLEPGenerator...
Generating docs for compound XDDSP::CircularBuffer< BufferSizeBits, T >...
Generating docs for compound XDDSP::DynamicCircularBuffer< T >...
Generating docs for compound XDDSP::ModulusCircularBuffer< T >...
Generating docs for compound XDDSP::Coupler< Derived, ChannelCount >...
Generating docs for compound XDDSP::OutputBuffer< BufferCount >...
Generating docs for compound XDDSP::Output< OutputCount >...
Generating docs for compound XDDSP::ComponentBaseClass...
Generating docs for compound XDDSP::Component< Derived, StepSize >...
Generating docs for compound XDDSP::ComponentContainer...
Generating docs for compound XDDSP::LowQualityDelay< SignalIn, DelayTimeIn, BufferType >...
Generating docs for compound XDDSP::MultiTapDelay< SignalIn, DelayTimeIn, BufferType >...
Generating docs for compound XDDSP::MediumQualityDelay< SignalIn, DelayTimeIn, BufferType >...
Generating docs for compound XDDSP::HighQualityDelay< SignalIn, DelayTimeIn, BufferType >...
Generating docs for compound XDDSP::Ramp< StartIn, EndIn, StepSize >...
Generating docs for compound XDDSP::RampTo< SignalCount, DefaultRamp >...
Generating docs for compound XDDSP::ADSRGenerator< AttackTimeSamples, DecayTimeSamples, SustainLevel, ReleaseTimeSamples, StepSize >...
Generating docs for compound XDDSP::Trapezoid< TimeIn, RampIn, RampOut, StepSize >...
Generating docs for compound XDDSP::PiecewiseEnvelopeSampler< PositionIn >...
Generating docs for compound XDDSP::PiecewiseEnvelope...
Generating docs for compound XDDSP::ExponentialEnvelopeFollower< SignalIn, RiseIn, FallIn, StepSize >...
Generating docs for compound XDDSP::LinearEnvelopeFollower< SignalIn, RiseIn, FallIn, StepSize >...
Generating docs for compound XDDSP::DynamicsProcessingGainSignal< SignalIn >...
Generating docs for compound XDDSP::AutoCorrelator< SampleLength >...
Generating docs for compound XDDSP::DynamicAutoCorrelator...
Generating docs for compound XDDSP::ConvolutionFilter< SignalIn >...
Generating docs for compound XDDSP::OnePoleAveragingFilter< SignalIn >...
Generating docs for compound XDDSP::StaticBiquad< SignalIn >...
Generating docs for compound XDDSP::DynamicBiquad< SignalIn, FreqIn, QIn, GainIn, StepSize >...
Generating docs for compound XDDSP::CrossoverFilter< SignalIn >...
Generating docs for compound XDDSP::FIRHilbertTransform< SignalIn, FIRTapCount >...
Generating docs for compound XDDSP::ConvolutionHilbertFilter< SignalIn, FIRTapCount >...
Generating docs for compound XDDSP::IIRHilbertApproximator< SignalIn >...
Generating docs for compound XDDSP::MinMax< TopBottom >...
Generating docs for compound XDDSP::LogarithmicScale...
Generating docs for compound XDDSP::PowerSize...
Generating docs for compound XDDSP::IntegerAndFraction< IntType >...
Generating docs for compound XDDSP::LinearEstimator...
Generating docs for compound XDDSP::IntersectionEstimator...
Generating docs for compound XDDSP::LookupTable< Size, Quality >...
Generating docs for compound XDDSP::Connector< Source >...
Generating docs for compound XDDSP::PConnector< ChannelCount >...
Generating docs for compound XDDSP::ChannelPicker< Source, Channel, OutputChannelCount >...
Generating docs for compound XDDSP::BufferCoupler< BufferSampleType, ChannelCount >...
Generating docs for compound XDDSP::ControlConstant< ConstantCount >...
Generating docs for compound XDDSP::AudioPropertiesInputMode...
Generating docs for compound XDDSP::AudioPropertiesInput< TimeMode, ChannelCount >...
Generating docs for compound XDDSP::MultiIn< NoConnections, ChannelCount >...
Generating docs for nested compound XDDSP::MultiIn< NoConnections, ChannelCount >::Conn...
Generating docs for compound XDDSP::Switch< NoConnections, ChannelCount >...
Generating docs for compound XDDSP::Sum< NoConnections, ChannelCount >...
Generating docs for compound XDDSP::Product< NoConnections, ChannelCount >...
Generating docs for compound XDDSP::SignalModifier< Source, ChannelCount >...
Generating docs for compound XDDSP::SamplePlaybackHead< Source, BufferSampleType, ChannelCount, Quality >...
Generating docs for compound XDDSP::BufferReader< BufferSampleType, ChannelCount >...
Generating docs for compound XDDSP::PluginInput< ChannelCount >...
Generating docs for compound XDDSP::LinkwitzRileyFilterCoefficients...
Generating docs for compound XDDSP::LinkwitzRileyFilterKernel...
Generating docs for compound XDDSP::Crossfader< ASignalIn, BSignalIn, CrossfadeIn, MixLaw, StepSize >...
Generating docs for compound XDDSP::Panner< SignalIn, PanIn, MixLaw, StepSize >...
Generating docs for compound XDDSP::StereoPanner< SignalIn, PanIn, MixLaw, StepSize >...
Generating docs for compound XDDSP::MonoToStereoMixBus< MixLaw, StepSize >...
Generating docs for nested compound XDDSP::MonoToStereoMixBus< MixLaw, StepSize >::MixCoupler...
Generating docs for compound XDDSP::StereoToStereoMixBus< MixLaw, StepSize >...
Generating docs for nested compound XDDSP::StereoToStereoMixBus< MixLaw, StepSize >::MixCoupler...
Generating docs for compound XDDSP::DebugWatch< SignalIn >...
Generating docs for compound XDDSP::SignalProbe< SignalIn >...
Generating docs for compound XDDSP::SignalAverage< SignalIn, SquareInputSignal >...
Generating docs for compound XDDSP::InterfaceBuffer< SignalIn >...
Generating docs for compound XDDSP::RandomNumberBuffer...
Generating docs for compound XDDSP::NoiseGenerator< ChannelCount >...
Generating docs for compound XDDSP::PinkNoiseGenerator< ChannelCount, SpectrumSize >...
Generating docs for compound XDDSP::AnalogNoiseSimulator< SignalIn, NoiseSpectrumSize >...
Generating docs for compound XDDSP::FuncOscillator< FrequencyIn, PhaseModIn >...
Generating docs for compound XDDSP::BandLimitedSawOscillator< FrequencyIn >...
Generating docs for compound XDDSP::BandLimitedSquareOscillator< FrequencyIn, PulseWidthIn >...
Generating docs for compound XDDSP::BandLimitedTriangleOscillator< FrequencyIn >...
Generating docs for compound XDDSP::Parameters...
Generating docs for nested compound XDDSP::Parameters::BuiltinCustomParameters...
Generating docs for nested compound XDDSP::Parameters::ParameterListener...
Generating docs for compound XDDSP::PiecewiseEnvelopeListener...
Generating docs for compound XDDSP::PiecewiseEnvelopeData< MaxPoints, CurveResolution >...
Generating docs for compound XDDSP::PolySynthParameters...
Generating docs for compound XDDSP::SummingArray< InternalComponent, ComponentCount >...
Generating docs for compound XDDSP::MIDIScheduler< OutputCount, RampLengthms >...
Generating docs for compound XDDSP::MIDIPoly< VoiceComponent, MaxVoiceCount, AutoEnable >...
Generating docs for compound XDDSP::MixDown< SignalIn, SignalCount >...
Generating docs for compound XDDSP::SimpleGain< SignalIn, GainIn >...
Generating docs for compound XDDSP::Rectifier< SignalIn, RectifyLevelIn >...
Generating docs for compound XDDSP::SignalDelta< SignalIn >...
Generating docs for compound XDDSP::Clipper< SignalIn, MinimumIn, MaximumIn >...
Generating docs for compound XDDSP::Maximum< SignalIn, InputCount >...
Generating docs for compound XDDSP::TimeSignal...
Generating docs for compound XDDSP::Counter< StartIn, EndIn, SpeedIn, StepSize >...
Generating docs for compound XDDSP::LoopCounter< StartIn, EndIn, SpeedIn >...
Generating docs for compound XDDSP::TopBottomSwitch< TopIn, BottomIn, SwitchIn >...
Generating docs for compound XDDSP::Waveshaper< SignalIn >...
Generating docs for compound XDDSP::WaveshapeLookupTable< LookupTableSize >...
Generating docs for compound XDDSP::ConvolutionEngine::KernelContainer...
Generating docs for compound XDDSP::ConvolutionEngine::ConvolutionParameters...
Generating docs for compound XDDSP::ConvolutionEngine::ImpulseResponse...
Generating docs for compound XDDSP::ConvolutionEngine::ConvolutionEngine< ConnectorChannelCount >...
Generating docs for compound XDDSP::FIRImpulses::ImpulseBaseClass...
Generating docs for compound XDDSP::FIRImpulses::LowPass...
Generating docs for compound XDDSP::FIRImpulses::HighPass...
Generating docs for compound XDDSP::FIRImpulses::BandPass...
Generating docs for compound XDDSP::MixingLaws::LinearFadeLaw...
Generating docs for compound XDDSP::MixingLaws::EqualPowerLaw...
Generating docs for compound XDDSP::MixingLaws::FullMiddleLaw...
Generating docs for compound XDDSP::WindowFunction::Rectangle...
Generating docs for compound XDDSP::WindowFunction::Triangle...
Generating docs for compound XDDSP::WindowFunction::Welch...
Generating docs for compound XDDSP::WindowFunction::Sine...
Generating docs for compound XDDSP::WindowFunction::CosineWindow...
Generating docs for compound XDDSP::WindowFunction::Gauss...
Generating graph info page...
Generating directory documentation...
Generating index page...
Generating main page...
Generating page index...
Generating topic index...
Generating module index...
Generating module member index...
Generating namespace index...
Generating namespace member index...
Generating concept index...
Generating annotated compound index...
Generating alphabetical compound index...
Generating hierarchical class index...
Generating member index...
Generating file index...
Generating file member index...
Generating example index...
finalizing index lists...
writing tag file...
Running plantuml with JAVA...
type lookup cache used 1509/65536 hits=4007 misses=2647
symbol lookup cache used 4522/65536 hits=29153 misses=4522
finished...
